2026-02-15 18:58:28 INFO  [main] c.e.weatherapp.WeatherApplication - Starting WeatherApplication using Java 25.0.2 with PID 31116 (C:\Users\Niksa\IdeaProjects\Weather-App\target\classes started by Niksa in C:\Users\Niksa\IdeaProjects\Weather-App)
2026-02-15 18:58:28 DEBUG [main] c.e.weatherapp.WeatherApplication - Running with Spring Boot v4.0.2, Spring v7.0.3
2026-02-15 18:58:28 INFO  [main] c.e.weatherapp.WeatherApplication - No active profile set, falling back to 1 default profile: "default"
2026-02-15 18:58:30 INFO  [main] o.s.boot.tomcat.TomcatWebServer - Tomcat initialized with port 8080 (http)
2026-02-15 18:58:30 INFO  [main] o.a.catalina.core.StandardService - Starting service [Tomcat]
2026-02-15 18:58:30 INFO  [main] o.a.catalina.core.StandardEngine - Starting Servlet engine: [Apache Tomcat/11.0.15]
2026-02-15 18:58:30 INFO  [main] o.s.b.w.c.s.WebApplicationContextInitializer - Root WebApplicationContext: initialization completed in 1759 ms
2026-02-15 18:58:31 INFO  [main] c.example.weatherapp.WeatherClient - Weather client initialized with baseUrl=http://api.openweathermap.org
2026-02-15 18:58:32 INFO  [main] o.s.boot.tomcat.TomcatWebServer - Tomcat started on port 8080 (http) with context path '/'
2026-02-15 18:58:32 INFO  [main] c.e.weatherapp.WeatherApplication - Started WeatherApplication in 3.852 seconds (process running for 4.758)
2026-02-15 18:59:07 INFO  [http-nio-8080-exec-1] o.a.c.c.C.[Tomcat].[localhost].[/] - Initializing Spring DispatcherServlet 'dispatcherServlet'
2026-02-15 18:59:07 INFO  [http-nio-8080-exec-1] o.s.web.servlet.DispatcherServlet - Initializing Servlet 'dispatcherServlet'
2026-02-15 18:59:07 INFO  [http-nio-8080-exec-1] o.s.web.servlet.DispatcherServlet - Completed initialization in 2 ms
2026-02-15 18:59:07 INFO  [http-nio-8080-exec-1] c.e.weatherapp.WeatherController - Received weather request for city=Minsk
2026-02-15 18:59:07 DEBUG [http-nio-8080-exec-1] c.example.weatherapp.WeatherService - Resolving coordinates for city=Minsk
2026-02-15 18:59:07 DEBUG [http-nio-8080-exec-1] c.example.weatherapp.WeatherClient - Calling geocoding endpoint for city=Minsk
2026-02-15 18:59:07 DEBUG [http-nio-8080-exec-1] c.example.weatherapp.WeatherService - Coordinates resolved for city=Minsk lat=53.9024716 lon=27.5618225
2026-02-15 18:59:07 DEBUG [http-nio-8080-exec-1] c.example.weatherapp.WeatherClient - Calling forecast endpoint for lat=53.9024716 lon=27.5618225
2026-02-15 18:59:08 INFO  [http-nio-8080-exec-1] c.example.weatherapp.WeatherService - Weather forecast prepared for city=Minsk
2026-02-15 19:16:47 INFO  [http-nio-8080-exec-3] c.e.weatherapp.WeatherController - Received weather request for city=Moscow
2026-02-15 19:16:47 DEBUG [http-nio-8080-exec-3] c.example.weatherapp.WeatherService - Resolving coordinates for city=Moscow
2026-02-15 19:16:47 DEBUG [http-nio-8080-exec-3] c.example.weatherapp.WeatherClient - Calling geocoding endpoint for city=Moscow
2026-02-15 19:16:47 DEBUG [http-nio-8080-exec-3] c.example.weatherapp.WeatherService - Coordinates resolved for city=Moscow lat=55.7504461 lon=37.6174943
2026-02-15 19:16:47 DEBUG [http-nio-8080-exec-3] c.example.weatherapp.WeatherClient - Calling forecast endpoint for lat=55.7504461 lon=37.6174943
2026-02-15 19:16:48 INFO  [http-nio-8080-exec-3] c.example.weatherapp.WeatherService - Weather forecast prepared for city=Moscow
2026-02-15 19:20:44 INFO  [http-nio-8080-exec-8] c.e.weatherapp.WeatherController - Received weather request for city=Mos
2026-02-15 19:20:44 DEBUG [http-nio-8080-exec-8] c.example.weatherapp.WeatherService - Resolving coordinates for city=Mos
2026-02-15 19:20:44 DEBUG [http-nio-8080-exec-8] c.example.weatherapp.WeatherClient - Calling geocoding endpoint for city=Mos
2026-02-15 19:20:45 DEBUG [http-nio-8080-exec-8] c.example.weatherapp.WeatherService - Coordinates resolved for city=Mos lat=42.2030958 lon=-8.6085418
2026-02-15 19:20:45 DEBUG [http-nio-8080-exec-8] c.example.weatherapp.WeatherClient - Calling forecast endpoint for lat=42.2030958 lon=-8.6085418
2026-02-15 19:20:45 INFO  [http-nio-8080-exec-8] c.example.weatherapp.WeatherService - Weather forecast prepared for city=Mos
2026-02-15 19:20:55 INFO  [http-nio-8080-exec-10] c.e.weatherapp.WeatherController - Received weather request for city=znhxn
2026-02-15 19:20:55 DEBUG [http-nio-8080-exec-10] c.example.weatherapp.WeatherService - Resolving coordinates for city=znhxn
2026-02-15 19:20:55 DEBUG [http-nio-8080-exec-10] c.example.weatherapp.WeatherClient - Calling geocoding endpoint for city=znhxn
2026-02-15 19:20:55 INFO  [http-nio-8080-exec-10] c.example.weatherapp.WeatherService - No coordinates found for city=znhxn
2026-02-15 19:21:44 INFO  [http-nio-8080-exec-5] c.e.weatherapp.WeatherController - Received weather request for city=znhxn
2026-02-15 19:21:44 DEBUG [http-nio-8080-exec-5] c.example.weatherapp.WeatherService - Resolving coordinates for city=znhxn
2026-02-15 19:21:44 DEBUG [http-nio-8080-exec-5] c.example.weatherapp.WeatherClient - Calling geocoding endpoint for city=znhxn
2026-02-15 19:21:45 INFO  [http-nio-8080-exec-5] c.example.weatherapp.WeatherService - No coordinates found for city=znhxn
2026-02-15 19:21:51 INFO  [SpringApplicationShutdownHook] o.s.boot.tomcat.GracefulShutdown - Commencing graceful shutdown. Waiting for active requests to complete
2026-02-15 19:21:51 INFO  [tomcat-shutdown] o.s.boot.tomcat.GracefulShutdown - Graceful shutdown complete
2026-02-15 19:22:00 INFO  [main] c.e.weatherapp.WeatherApplication - Starting WeatherApplication using Java 25.0.2 with PID 31080 (C:\Users\Niksa\IdeaProjects\Weather-App\target\classes started by Niksa in C:\Users\Niksa\IdeaProjects\Weather-App)
2026-02-15 19:22:00 DEBUG [main] c.e.weatherapp.WeatherApplication - Running with Spring Boot v4.0.2, Spring v7.0.3
2026-02-15 19:22:00 INFO  [main] c.e.weatherapp.WeatherApplication - No active profile set, falling back to 1 default profile: "default"
2026-02-15 19:22:01 INFO  [main] o.s.boot.tomcat.TomcatWebServer - Tomcat initialized with port 8080 (http)
2026-02-15 19:22:01 INFO  [main] o.a.catalina.core.StandardService - Starting service [Tomcat]
2026-02-15 19:22:01 INFO  [main] o.a.catalina.core.StandardEngine - Starting Servlet engine: [Apache Tomcat/11.0.15]
2026-02-15 19:22:02 INFO  [main] o.s.b.w.c.s.WebApplicationContextInitializer - Root WebApplicationContext: initialization completed in 1136 ms
2026-02-15 19:22:02 INFO  [main] c.example.weatherapp.WeatherClient - Weather client initialized with baseUrl=http://api.openweathermap.org
2026-02-15 19:22:02 INFO  [main] o.s.boot.tomcat.TomcatWebServer - Tomcat started on port 8080 (http) with context path '/'
2026-02-15 19:22:02 INFO  [main] c.e.weatherapp.WeatherApplication - Started WeatherApplication in 2.572 seconds (process running for 3.275)
2026-02-15 19:22:08 INFO  [http-nio-8080-exec-1] o.a.c.c.C.[Tomcat].[localhost].[/] - Initializing Spring DispatcherServlet 'dispatcherServlet'
2026-02-15 19:22:08 INFO  [http-nio-8080-exec-1] o.s.web.servlet.DispatcherServlet - Initializing Servlet 'dispatcherServlet'
2026-02-15 19:22:08 INFO  [http-nio-8080-exec-1] o.s.web.servlet.DispatcherServlet - Completed initialization in 1 ms
2026-02-15 19:22:08 INFO  [http-nio-8080-exec-1] c.e.weatherapp.WeatherController - Received weather request for city=znhxn
2026-02-15 19:22:08 DEBUG [http-nio-8080-exec-1] c.example.weatherapp.WeatherService - Resolving coordinates for city=znhxn
2026-02-15 19:22:08 DEBUG [http-nio-8080-exec-1] c.example.weatherapp.WeatherClient - Calling geocoding endpoint for city=znhxn
2026-02-15 19:22:09 INFO  [http-nio-8080-exec-1] c.example.weatherapp.WeatherService - No coordinates found for city=znhxn
2026-02-15 19:29:41 INFO  [http-nio-8080-exec-3] c.e.weatherapp.WeatherController - Received weather request for city=znhxn
2026-02-15 19:29:41 DEBUG [http-nio-8080-exec-3] c.example.weatherapp.WeatherService - Resolving coordinates for city=znhxn
2026-02-15 19:29:41 DEBUG [http-nio-8080-exec-3] c.example.weatherapp.WeatherClient - Calling geocoding endpoint for city=znhxn
2026-02-15 19:29:42 INFO  [http-nio-8080-exec-3] c.example.weatherapp.WeatherService - No coordinates found for city=znhxn
2026-02-15 19:29:45 INFO  [http-nio-8080-exec-6] c.e.weatherapp.WeatherController - Received weather request for city=znhxn
2026-02-15 19:29:45 DEBUG [http-nio-8080-exec-6] c.example.weatherapp.WeatherService - Resolving coordinates for city=znhxn
2026-02-15 19:29:45 DEBUG [http-nio-8080-exec-6] c.example.weatherapp.WeatherClient - Calling geocoding endpoint for city=znhxn
2026-02-15 19:29:45 INFO  [http-nio-8080-exec-6] c.example.weatherapp.WeatherService - No coordinates found for city=znhxn
2026-02-15 20:53:31 INFO  [http-nio-8080-exec-4] c.e.weatherapp.WeatherController - Received weather request for city=znhxn
2026-02-15 20:53:31 DEBUG [http-nio-8080-exec-4] c.example.weatherapp.WeatherService - Resolving coordinates for city=znhxn
2026-02-15 20:53:31 DEBUG [http-nio-8080-exec-4] c.example.weatherapp.WeatherClient - Calling geocoding endpoint for city=znhxn
2026-02-15 20:53:31 INFO  [http-nio-8080-exec-4] c.example.weatherapp.WeatherService - No coordinates found for city=znhxn
2026-02-15 20:53:46 INFO  [http-nio-8080-exec-10] c.e.weatherapp.WeatherController - Received weather request for city=Berlin
2026-02-15 20:53:46 DEBUG [http-nio-8080-exec-10] c.example.weatherapp.WeatherService - Resolving coordinates for city=Berlin
2026-02-15 20:53:46 DEBUG [http-nio-8080-exec-10] c.example.weatherapp.WeatherClient - Calling geocoding endpoint for city=Berlin
2026-02-15 20:53:47 DEBUG [http-nio-8080-exec-10] c.example.weatherapp.WeatherService - Coordinates resolved for city=Berlin lat=52.5170365 lon=13.3888599
2026-02-15 20:53:47 DEBUG [http-nio-8080-exec-10] c.example.weatherapp.WeatherClient - Calling forecast endpoint for lat=52.5170365 lon=13.3888599
2026-02-15 20:53:47 INFO  [http-nio-8080-exec-10] c.example.weatherapp.WeatherService - Weather forecast prepared for city=Berlin
2026-02-15 20:54:22 INFO  [http-nio-8080-exec-5] c.e.weatherapp.WeatherController - Received weather request for city=Bfswfgs
2026-02-15 20:54:22 DEBUG [http-nio-8080-exec-5] c.example.weatherapp.WeatherService - Resolving coordinates for city=Bfswfgs
2026-02-15 20:54:22 DEBUG [http-nio-8080-exec-5] c.example.weatherapp.WeatherClient - Calling geocoding endpoint for city=Bfswfgs
2026-02-15 20:54:23 INFO  [http-nio-8080-exec-5] c.example.weatherapp.WeatherService - No coordinates found for city=Bfswfgs
2026-02-15 20:54:35 INFO  [SpringApplicationShutdownHook] o.s.boot.tomcat.GracefulShutdown - Commencing graceful shutdown. Waiting for active requests to complete
2026-02-15 20:54:35 INFO  [tomcat-shutdown] o.s.boot.tomcat.GracefulShutdown - Graceful shutdown complete
2026-02-15 20:54:44 INFO  [main] c.e.weatherapp.WeatherApplication - Starting WeatherApplication using Java 25.0.2 with PID 14084 (C:\Users\Niksa\IdeaProjects\Weather-App\target\classes started by Niksa in C:\Users\Niksa\IdeaProjects\Weather-App)
2026-02-15 20:54:44 DEBUG [main] c.e.weatherapp.WeatherApplication - Running with Spring Boot v4.0.2, Spring v7.0.3
2026-02-15 20:54:44 INFO  [main] c.e.weatherapp.WeatherApplication - No active profile set, falling back to 1 default profile: "default"
2026-02-15 20:54:45 INFO  [main] o.s.boot.tomcat.TomcatWebServer - Tomcat initialized with port 8080 (http)
2026-02-15 20:54:45 INFO  [main] o.a.catalina.core.StandardService - Starting service [Tomcat]
2026-02-15 20:54:45 INFO  [main] o.a.catalina.core.StandardEngine - Starting Servlet engine: [Apache Tomcat/11.0.15]
2026-02-15 20:54:46 INFO  [main] o.s.b.w.c.s.WebApplicationContextInitializer - Root WebApplicationContext: initialization completed in 1147 ms
2026-02-15 20:54:46 INFO  [main] c.example.weatherapp.WeatherClient - Weather client initialized with baseUrl=http://api.openweathermap.org
2026-02-15 20:54:46 INFO  [main] o.s.boot.tomcat.TomcatWebServer - Tomcat started on port 8080 (http) with context path '/'
2026-02-15 20:54:46 INFO  [main] c.e.weatherapp.WeatherApplication - Started WeatherApplication in 2.346 seconds (process running for 2.984)
2026-02-15 20:55:09 INFO  [http-nio-8080-exec-1] o.a.c.c.C.[Tomcat].[localhost].[/] - Initializing Spring DispatcherServlet 'dispatcherServlet'
2026-02-15 20:55:09 INFO  [http-nio-8080-exec-1] o.s.web.servlet.DispatcherServlet - Initializing Servlet 'dispatcherServlet'
2026-02-15 20:55:09 INFO  [http-nio-8080-exec-1] o.s.web.servlet.DispatcherServlet - Completed initialization in 4 ms
2026-02-15 20:55:09 INFO  [http-nio-8080-exec-1] c.e.weatherapp.WeatherController - Received weather request for city=Bfswfgs
2026-02-15 20:55:09 INFO  [http-nio-8080-exec-1] c.example.weatherapp.WeatherService - Resolving coordinates for city=Bfswfgs
2026-02-15 20:55:09 INFO  [http-nio-8080-exec-1] c.example.weatherapp.WeatherClient - Calling geocoding endpoint for city=Bfswfgs
2026-02-15 20:55:09 INFO  [http-nio-8080-exec-1] c.example.weatherapp.WeatherService - No coordinates found for city=Bfswfgs
2026-02-15 20:57:09 INFO  [http-nio-8080-exec-5] c.e.weatherapp.WeatherController - Received weather request for city=Берлин
2026-02-15 20:57:09 INFO  [http-nio-8080-exec-5] c.example.weatherapp.WeatherService - Resolving coordinates for city=Берлин
2026-02-15 20:57:09 INFO  [http-nio-8080-exec-5] c.example.weatherapp.WeatherClient - Calling geocoding endpoint for city=Берлин
2026-02-15 20:57:09 INFO  [http-nio-8080-exec-5] c.example.weatherapp.WeatherService - Coordinates resolved for city=Берлин lat=52.5170365 lon=13.3888599
2026-02-15 20:57:09 INFO  [http-nio-8080-exec-5] c.example.weatherapp.WeatherClient - Calling forecast endpoint for lat=52.5170365 lon=13.3888599
2026-02-15 20:57:10 INFO  [http-nio-8080-exec-5] c.example.weatherapp.WeatherService - Weather forecast prepared for city=Берлин
2026-02-15 21:07:24 INFO  [SpringApplicationShutdownHook] o.s.boot.tomcat.GracefulShutdown - Commencing graceful shutdown. Waiting for active requests to complete
2026-02-15 21:07:24 INFO  [tomcat-shutdown] o.s.boot.tomcat.GracefulShutdown - Graceful shutdown complete
2026-02-15 21:29:47 INFO  [main] c.e.weatherapp.WeatherApplication - Starting WeatherApplication using Java 25.0.2 with PID 15556 (C:\Users\Niksa\IdeaProjects\Weather-App\target\classes started by Niksa in C:\Users\Niksa\IdeaProjects\Weather-App)
2026-02-15 21:29:47 DEBUG [main] c.e.weatherapp.WeatherApplication - Running with Spring Boot v4.0.2, Spring v7.0.3
2026-02-15 21:29:47 INFO  [main] c.e.weatherapp.WeatherApplication - No active profile set, falling back to 1 default profile: "default"
2026-02-15 21:29:49 INFO  [main] o.s.boot.tomcat.TomcatWebServer - Tomcat initialized with port 8080 (http)
2026-02-15 21:29:49 INFO  [main] o.a.catalina.core.StandardService - Starting service [Tomcat]
2026-02-15 21:29:49 INFO  [main] o.a.catalina.core.StandardEngine - Starting Servlet engine: [Apache Tomcat/11.0.15]
2026-02-15 21:29:49 INFO  [main] o.s.b.w.c.s.WebApplicationContextInitializer - Root WebApplicationContext: initialization completed in 1592 ms
2026-02-15 21:29:50 INFO  [main] c.example.weatherapp.WeatherClient - Weather client initialized with baseUrl=http://api.openweathermap.org
2026-02-15 21:29:50 INFO  [main] o.s.boot.tomcat.TomcatWebServer - Tomcat started on port 8080 (http) with context path '/'
2026-02-15 21:29:50 INFO  [main] c.e.weatherapp.WeatherApplication - Started WeatherApplication in 3.583 seconds (process running for 4.493)
2026-02-15 21:29:57 INFO  [http-nio-8080-exec-6] o.a.c.c.C.[Tomcat].[localhost].[/] - Initializing Spring DispatcherServlet 'dispatcherServlet'
2026-02-15 21:29:57 INFO  [http-nio-8080-exec-6] o.s.web.servlet.DispatcherServlet - Initializing Servlet 'dispatcherServlet'
2026-02-15 21:29:57 INFO  [http-nio-8080-exec-6] o.s.web.servlet.DispatcherServlet - Completed initialization in 2 ms
2026-02-15 21:29:57 INFO  [http-nio-8080-exec-6] c.e.weatherapp.WeatherController - Received weather request for city=Берлин
2026-02-15 21:29:57 INFO  [http-nio-8080-exec-6] c.example.weatherapp.WeatherService - Resolving coordinates for city=Берлин
2026-02-15 21:29:57 INFO  [http-nio-8080-exec-6] c.example.weatherapp.WeatherClient - Calling geocoding endpoint for city=Берлин
2026-02-15 21:29:57 INFO  [http-nio-8080-exec-6] c.example.weatherapp.WeatherService - Coordinates resolved for city=Берлин lat=52.5170365 lon=13.3888599
2026-02-15 21:29:57 INFO  [http-nio-8080-exec-6] c.example.weatherapp.WeatherClient - Calling forecast endpoint for lat=52.5170365 lon=13.3888599
2026-02-15 21:29:58 INFO  [http-nio-8080-exec-6] c.example.weatherapp.WeatherService - Weather forecast prepared for city=Берлин
2026-02-15 21:30:15 INFO  [http-nio-8080-exec-10] c.e.weatherapp.WeatherController - Received weather request for city=Berlin
2026-02-15 21:30:15 INFO  [http-nio-8080-exec-10] c.example.weatherapp.WeatherService - Resolving coordinates for city=Berlin
2026-02-15 21:30:15 INFO  [http-nio-8080-exec-10] c.example.weatherapp.WeatherClient - Calling geocoding endpoint for city=Berlin
2026-02-15 21:30:15 INFO  [http-nio-8080-exec-10] c.example.weatherapp.WeatherService - Coordinates resolved for city=Berlin lat=52.5170365 lon=13.3888599
2026-02-15 21:30:15 INFO  [http-nio-8080-exec-10] c.example.weatherapp.WeatherClient - Calling forecast endpoint for lat=52.5170365 lon=13.3888599
2026-02-15 21:30:15 INFO  [http-nio-8080-exec-10] c.example.weatherapp.WeatherService - Weather forecast prepared for city=Berlin
2026-02-15 21:30:20 INFO  [http-nio-8080-exec-5] c.e.weatherapp.WeatherController - Received weather request for city=nhdfb vfbghnjmtuykl
2026-02-15 21:30:20 INFO  [http-nio-8080-exec-5] c.example.weatherapp.WeatherService - Resolving coordinates for city=nhdfb vfbghnjmtuykl
2026-02-15 21:30:20 INFO  [http-nio-8080-exec-5] c.example.weatherapp.WeatherClient - Calling geocoding endpoint for city=nhdfb vfbghnjmtuykl
2026-02-15 21:30:20 INFO  [http-nio-8080-exec-5] c.example.weatherapp.WeatherService - No coordinates found for city=nhdfb vfbghnjmtuykl
2026-02-15 21:30:35 INFO  [SpringApplicationShutdownHook] o.s.boot.tomcat.GracefulShutdown - Commencing graceful shutdown. Waiting for active requests to complete
2026-02-15 21:30:35 INFO  [tomcat-shutdown] o.s.boot.tomcat.GracefulShutdown - Graceful shutdown complete
